<?xml version="1.0" encoding="UTF-8"?>
<!-- Generated by org.testng.reporters.JUnitReportReporter -->
<testsuite hostname="DESKTOP-NBEVFU4" failures="0" tests="1" name="com.demowebshop.testscripts.RegisterTest" time="8.190" errors="0" timestamp="2023-04-17T14:20:29 GST" skipped="0">
  <testcase classname="com.demowebshop.testscripts.RegisterTest" name="TC003_verifyRegistration" time="8.190"/>
  <system-out/>
</testsuite> <!-- com.demowebshop.testscripts.RegisterTest -->
