<?xml version="1.0" encoding="UTF-8"?>
<!-- Generated by org.testng.reporters.JUnitReportReporter -->
<testsuite hostname="DESKTOP-NBEVFU4" failures="0" tests="1" name="com.demowebshop.testscripts.LoginTest" time="5.558" errors="0" timestamp="2023-04-17T17:52:20 GST" skipped="0">
  <testcase classname="com.demowebshop.testscripts.LoginTest" name="TC004_verifyLoginusingvalidcredentials" time="5.558"/>
  <system-out/>
</testsuite> <!-- com.demowebshop.testscripts.LoginTest -->
