<?xml version="1.0" encoding="UTF-8"?>
<!-- Generated by org.testng.reporters.JUnitReportReporter -->
<testsuite hostname="DESKTOP-NBEVFU4" failures="0" tests="1" name="com.demowebshop.testscripts.HomeTest" time="8.642" errors="0" timestamp="2023-04-17T18:47:19 GST" skipped="0">
  <testcase classname="com.demowebshop.testscripts.HomeTest" name="TC001_verifyHomePageTitle" time="8.642"/>
  <system-out/>
</testsuite> <!-- com.demowebshop.testscripts.HomeTest -->
